https://app.neptune.ai/lmhoon012/meta-learning/e/MET-49
cuda:1
epoch 0, train, loss=48.5322 acc=0.2167
epoch 0, val, loss=4.0727 acc=0.3243
epoch 500, train, loss=2.9923 acc=0.2200
epoch 500, val, loss=1.8095 acc=0.3945
epoch 1000, train, loss=2.5418 acc=0.2500
epoch 1000, val, loss=1.3790 acc=0.4515
epoch 1500, train, loss=2.3934 acc=0.2833
epoch 1500, val, loss=1.2842 acc=0.4834
epoch 2000, train, loss=2.1683 acc=0.3333
epoch 2000, val, loss=1.2354 acc=0.5024
epoch 2500, train, loss=2.2212 acc=0.3100
epoch 2500, val, loss=1.2034 acc=0.5174
epoch 3000, train, loss=1.9248 acc=0.3933
epoch 3000, val, loss=1.1673 acc=0.5351
epoch 3500, train, loss=2.1639 acc=0.3467
epoch 3500, val, loss=1.1422 acc=0.5459
epoch 4000, train, loss=2.0846 acc=0.3300
epoch 4000, val, loss=1.1246 acc=0.5544
epoch 4500, train, loss=1.7943 acc=0.4433
epoch 4500, val, loss=1.1035 acc=0.5597
epoch 5000, train, loss=1.8076 acc=0.4367
epoch 5000, val, loss=1.0837 acc=0.5725
epoch 5500, train, loss=1.8979 acc=0.4167
epoch 5500, val, loss=1.0662 acc=0.5764
epoch 6000, train, loss=1.8759 acc=0.4400
epoch 6000, val, loss=1.0509 acc=0.5868
epoch 6500, train, loss=1.9899 acc=0.3967
epoch 6500, val, loss=1.0475 acc=0.5860
epoch 7000, train, loss=1.8309 acc=0.4400
epoch 7000, val, loss=1.0381 acc=0.5925
epoch 7500, train, loss=1.6660 acc=0.4967
epoch 7500, val, loss=1.0268 acc=0.5971
epoch 8000, train, loss=1.7139 acc=0.4467
epoch 8000, val, loss=1.0144 acc=0.5991
epoch 8500, train, loss=1.7098 acc=0.4233
epoch 8500, val, loss=1.0049 acc=0.6044
epoch 9000, train, loss=1.7262 acc=0.4467
epoch 9000, val, loss=0.9990 acc=0.6057
epoch 9500, train, loss=1.8171 acc=0.4633
epoch 9500, val, loss=0.9974 acc=0.6073
epoch 10000, train, loss=1.7198 acc=0.4633
epoch 10000, val, loss=0.9871 acc=0.6120
epoch 10500, train, loss=1.8102 acc=0.4533
epoch 10500, val, loss=0.9846 acc=0.6125
epoch 11000, train, loss=1.9457 acc=0.3667
epoch 11000, val, loss=0.9875 acc=0.6131
epoch 11500, train, loss=1.7293 acc=0.4867
epoch 11500, val, loss=0.9791 acc=0.6149
epoch 12000, train, loss=1.8794 acc=0.3900
epoch 12000, val, loss=0.9775 acc=0.6158
epoch 12500, train, loss=1.5269 acc=0.5000
epoch 12500, val, loss=0.9795 acc=0.6144
epoch 13000, train, loss=1.7794 acc=0.4033
epoch 13000, val, loss=0.9756 acc=0.6165
epoch 13500, train, loss=1.5710 acc=0.4967
epoch 13500, val, loss=0.9821 acc=0.6154
epoch 14000, train, loss=1.6962 acc=0.4567
epoch 14000, val, loss=0.9770 acc=0.6176
epoch 14500, train, loss=1.8185 acc=0.3967
epoch 14500, val, loss=0.9645 acc=0.6204
epoch 15000, train, loss=1.6731 acc=0.4800
epoch 15000, val, loss=0.9659 acc=0.6204
epoch 15500, train, loss=1.8029 acc=0.4367
epoch 15500, val, loss=0.9716 acc=0.6190
epoch 16000, train, loss=1.4770 acc=0.5200
epoch 16000, val, loss=0.9688 acc=0.6215
epoch 16500, train, loss=1.5388 acc=0.5100
epoch 16500, val, loss=0.9647 acc=0.6226
epoch 17000, train, loss=1.7399 acc=0.4467
epoch 17000, val, loss=0.9702 acc=0.6215
epoch 17500, train, loss=1.3000 acc=0.5867
epoch 17500, val, loss=0.9673 acc=0.6239
epoch 18000, train, loss=1.6039 acc=0.4733
epoch 18000, val, loss=0.9691 acc=0.6212
epoch 18500, train, loss=1.5355 acc=0.4833
epoch 18500, val, loss=0.9577 acc=0.6258
epoch 19000, train, loss=1.3041 acc=0.5700
epoch 19000, val, loss=0.9543 acc=0.6291
epoch 19500, train, loss=1.5485 acc=0.5367
epoch 19500, val, loss=0.9518 acc=0.6311
epoch 20000, train, loss=1.7630 acc=0.4367
epoch 20000, val, loss=0.9465 acc=0.6319
epoch 20500, train, loss=1.5579 acc=0.4833
epoch 20500, val, loss=0.9564 acc=0.6269
epoch 21000, train, loss=1.5582 acc=0.5000
epoch 21000, val, loss=0.9477 acc=0.6304
epoch 21500, train, loss=1.1761 acc=0.6400
epoch 21500, val, loss=0.9558 acc=0.6262
epoch 22000, train, loss=1.6332 acc=0.5133
epoch 22000, val, loss=0.9542 acc=0.6278
epoch 22500, train, loss=1.4789 acc=0.5233
epoch 22500, val, loss=0.9473 acc=0.6318
epoch 23000, train, loss=1.3281 acc=0.5433
epoch 23000, val, loss=0.9446 acc=0.6305
epoch 23500, train, loss=1.4746 acc=0.5700
epoch 23500, val, loss=0.9514 acc=0.6293
epoch 24000, train, loss=1.8340 acc=0.4233
epoch 24000, val, loss=0.9443 acc=0.6323
epoch 24500, train, loss=1.5574 acc=0.4867
epoch 24500, val, loss=0.9460 acc=0.6310
epoch 25000, train, loss=1.1549 acc=0.6067
epoch 25000, val, loss=0.9474 acc=0.6318
epoch 25500, train, loss=1.6527 acc=0.4667
epoch 25500, val, loss=0.9481 acc=0.6314
epoch 26000, train, loss=1.6629 acc=0.5033
epoch 26000, val, loss=0.9445 acc=0.6335
epoch 26500, train, loss=1.6116 acc=0.5100
epoch 26500, val, loss=0.9461 acc=0.6321
epoch 27000, train, loss=1.5823 acc=0.4933
epoch 27000, val, loss=0.9502 acc=0.6291
epoch 27500, train, loss=1.5662 acc=0.4833
epoch 27500, val, loss=0.9403 acc=0.6352
epoch 28000, train, loss=1.4608 acc=0.5500
epoch 28000, val, loss=0.9434 acc=0.6344
epoch 28500, train, loss=1.4144 acc=0.5733
epoch 28500, val, loss=0.9351 acc=0.6366
epoch 29000, train, loss=1.4363 acc=0.5633
epoch 29000, val, loss=0.9448 acc=0.6340
epoch 29500, train, loss=1.2907 acc=0.5867
epoch 29500, val, loss=0.9371 acc=0.6369
epoch 30000, train, loss=1.6688 acc=0.4667
epoch 30000, val, loss=0.9413 acc=0.6347
epoch 30500, train, loss=1.6199 acc=0.4833
epoch 30500, val, loss=0.9435 acc=0.6343
epoch 31000, train, loss=1.4074 acc=0.5633
epoch 31000, val, loss=0.9440 acc=0.6349
epoch 31500, train, loss=1.3101 acc=0.5833
epoch 31500, val, loss=0.9475 acc=0.6325
epoch 32000, train, loss=1.7083 acc=0.4233
epoch 32000, val, loss=0.9443 acc=0.6320
epoch 32500, train, loss=1.3748 acc=0.5500
epoch 32500, val, loss=0.9442 acc=0.6339
epoch 33000, train, loss=1.4365 acc=0.5467
epoch 33000, val, loss=0.9456 acc=0.6328
epoch 33500, train, loss=1.5346 acc=0.4833
epoch 33500, val, loss=0.9442 acc=0.6316
epoch 34000, train, loss=1.4908 acc=0.5167
epoch 34000, val, loss=0.9475 acc=0.6305
epoch 34500, train, loss=1.2216 acc=0.6167
epoch 34500, val, loss=0.9399 acc=0.6345
epoch 35000, train, loss=1.2793 acc=0.6033
epoch 35000, val, loss=0.9399 acc=0.6358
epoch 35500, train, loss=1.5071 acc=0.5433
epoch 35500, val, loss=0.9397 acc=0.6357
epoch 36000, train, loss=1.4692 acc=0.5400
epoch 36000, val, loss=0.9496 acc=0.6312
epoch 36500, train, loss=1.3005 acc=0.6167
epoch 36500, val, loss=0.9445 acc=0.6342
epoch 37000, train, loss=1.5372 acc=0.5333
epoch 37000, val, loss=0.9486 acc=0.6323
epoch 37500, train, loss=1.4299 acc=0.5367
epoch 37500, val, loss=0.9400 acc=0.6338
epoch 38000, train, loss=0.9926 acc=0.6900
epoch 38000, val, loss=0.9436 acc=0.6334
epoch 38500, train, loss=1.4066 acc=0.5200
epoch 38500, val, loss=0.9405 acc=0.6347
epoch 39000, train, loss=1.2585 acc=0.6067
epoch 39000, val, loss=0.9406 acc=0.6347
epoch 39500, train, loss=1.1979 acc=0.6133
epoch 39500, val, loss=0.9454 acc=0.6338
epoch 40000, train, loss=1.5667 acc=0.4567
epoch 40000, val, loss=0.9444 acc=0.6333
epoch 40500, train, loss=1.2851 acc=0.5567
epoch 40500, val, loss=0.9428 acc=0.6338
epoch 41000, train, loss=1.3248 acc=0.5867
epoch 41000, val, loss=0.9396 acc=0.6361
epoch 41500, train, loss=1.5887 acc=0.4833
epoch 41500, val, loss=0.9430 acc=0.6340
epoch 42000, train, loss=1.2753 acc=0.6167
epoch 42000, val, loss=0.9429 acc=0.6357
epoch 42500, train, loss=1.2507 acc=0.5600
epoch 42500, val, loss=0.9389 acc=0.6355
epoch 43000, train, loss=1.6129 acc=0.5067
epoch 43000, val, loss=0.9388 acc=0.6355
epoch 43500, train, loss=1.4174 acc=0.5433
epoch 43500, val, loss=0.9429 acc=0.6338
epoch 44000, train, loss=1.1110 acc=0.6333
epoch 44000, val, loss=0.9411 acc=0.6353
epoch 44500, train, loss=1.3383 acc=0.5867
epoch 44500, val, loss=0.9395 acc=0.6343
epoch 45000, train, loss=1.5316 acc=0.5233
epoch 45000, val, loss=0.9446 acc=0.6335
epoch 45500, train, loss=1.3069 acc=0.5533
epoch 45500, val, loss=0.9391 acc=0.6351
epoch 46000, train, loss=1.4928 acc=0.5333
epoch 46000, val, loss=0.9415 acc=0.6345
epoch 46500, train, loss=1.3467 acc=0.5433
epoch 46500, val, loss=0.9375 acc=0.6368
epoch 47000, train, loss=1.1411 acc=0.6667
epoch 47000, val, loss=0.9381 acc=0.6369
epoch 47500, train, loss=1.2473 acc=0.6000
epoch 47500, val, loss=0.9410 acc=0.6350
epoch 48000, train, loss=1.4369 acc=0.5333
epoch 48000, val, loss=0.9401 acc=0.6348
epoch 48500, train, loss=1.4108 acc=0.5400
epoch 48500, val, loss=0.9428 acc=0.6351
epoch 49000, train, loss=1.4782 acc=0.5367
epoch 49000, val, loss=0.9417 acc=0.6353
epoch 49500, train, loss=1.1752 acc=0.6333
epoch 49500, val, loss=0.9399 acc=0.6346
epoch 50000, train, loss=1.5489 acc=0.5300
epoch 50000, val, loss=0.9398 acc=0.6358
epoch 50500, train, loss=1.3784 acc=0.5533
epoch 50500, val, loss=0.9396 acc=0.6355
epoch 51000, train, loss=1.1698 acc=0.6333
epoch 51000, val, loss=0.9419 acc=0.6366
epoch 51500, train, loss=1.3524 acc=0.5567
epoch 51500, val, loss=0.9418 acc=0.6348
epoch 52000, train, loss=1.2760 acc=0.5833
epoch 52000, val, loss=0.9420 acc=0.6347
epoch 52500, train, loss=1.4855 acc=0.5633
epoch 52500, val, loss=0.9421 acc=0.6336
epoch 53000, train, loss=1.2211 acc=0.6000
epoch 53000, val, loss=0.9389 acc=0.6359
epoch 53500, train, loss=1.5258 acc=0.5200
epoch 53500, val, loss=0.9394 acc=0.6371
epoch 54000, train, loss=1.4304 acc=0.5533
epoch 54000, val, loss=0.9411 acc=0.6353
epoch 54500, train, loss=1.2478 acc=0.6033
epoch 54500, val, loss=0.9417 acc=0.6355
epoch 55000, train, loss=1.4584 acc=0.5267
epoch 55000, val, loss=0.9400 acc=0.6354
epoch 55500, train, loss=1.1982 acc=0.6067
epoch 55500, val, loss=0.9415 acc=0.6355
epoch 56000, train, loss=1.3159 acc=0.5967
epoch 56000, val, loss=0.9413 acc=0.6352
epoch 56500, train, loss=1.4757 acc=0.4900
epoch 56500, val, loss=0.9419 acc=0.6350
epoch 57000, train, loss=1.3510 acc=0.5833
epoch 57000, val, loss=0.9454 acc=0.6335
epoch 57500, train, loss=1.3090 acc=0.5833
epoch 57500, val, loss=0.9427 acc=0.6339
epoch 58000, train, loss=1.4616 acc=0.5133
epoch 58000, val, loss=0.9412 acc=0.6358
epoch 58500, train, loss=1.4793 acc=0.5067
epoch 58500, val, loss=0.9407 acc=0.6348
epoch 59000, train, loss=1.3555 acc=0.5433
epoch 59000, val, loss=0.9427 acc=0.6353
epoch 59500, train, loss=1.4719 acc=0.5100
epoch 59500, val, loss=0.9375 acc=0.6372
Meta Test Result
epoch 59999, test, loss=0.9140 acc=0.6397
epoch 59999, test, loss=0.9140 acc=0.6397
Shutting down background jobs, please wait a moment...
Done!
All 11 operations synced, thanks for waiting!
