https://app.neptune.ai/lmhoon012/meta-learning/e/MET-47
cuda:1
epoch 0, train, loss=39.7855 acc=0.2800
epoch 0, val, loss=4.4909 acc=0.3313
epoch 500, train, loss=3.2951 acc=0.3000
epoch 500, val, loss=2.4115 acc=0.3951
epoch 1000, train, loss=1.9457 acc=0.3533
epoch 1000, val, loss=1.5043 acc=0.4277
epoch 1500, train, loss=1.6479 acc=0.4533
epoch 1500, val, loss=1.3213 acc=0.4689
epoch 2000, train, loss=1.8582 acc=0.3600
epoch 2000, val, loss=1.2768 acc=0.4851
epoch 2500, train, loss=1.8443 acc=0.3467
epoch 2500, val, loss=1.2344 acc=0.5055
epoch 3000, train, loss=1.8503 acc=0.3600
epoch 3000, val, loss=1.1900 acc=0.5206
epoch 3500, train, loss=1.6082 acc=0.4667
epoch 3500, val, loss=1.1752 acc=0.5283
epoch 4000, train, loss=1.7482 acc=0.4133
epoch 4000, val, loss=1.1512 acc=0.5384
epoch 4500, train, loss=1.2875 acc=0.6067
epoch 4500, val, loss=1.1240 acc=0.5511
epoch 5000, train, loss=1.6383 acc=0.4200
epoch 5000, val, loss=1.1201 acc=0.5551
epoch 5500, train, loss=1.5060 acc=0.4733
epoch 5500, val, loss=1.1138 acc=0.5557
epoch 6000, train, loss=1.6113 acc=0.4400
epoch 6000, val, loss=1.0743 acc=0.5739
epoch 6500, train, loss=1.2591 acc=0.5800
epoch 6500, val, loss=1.0687 acc=0.5753
epoch 7000, train, loss=1.3232 acc=0.5867
epoch 7000, val, loss=1.0770 acc=0.5740
epoch 7500, train, loss=1.5862 acc=0.4400
epoch 7500, val, loss=1.0557 acc=0.5818
epoch 8000, train, loss=1.3650 acc=0.5067
epoch 8000, val, loss=1.0373 acc=0.5895
epoch 8500, train, loss=1.3538 acc=0.5467
epoch 8500, val, loss=1.0286 acc=0.5944
epoch 9000, train, loss=1.3974 acc=0.5133
epoch 9000, val, loss=1.0217 acc=0.5958
epoch 9500, train, loss=1.5692 acc=0.4200
epoch 9500, val, loss=1.0392 acc=0.5919
epoch 10000, train, loss=0.6782 acc=0.7600
epoch 10000, val, loss=1.0053 acc=0.6032
epoch 10500, train, loss=1.6046 acc=0.4400
epoch 10500, val, loss=1.0196 acc=0.5973
epoch 11000, train, loss=1.0117 acc=0.6533
epoch 11000, val, loss=1.0042 acc=0.6042
epoch 11500, train, loss=1.0428 acc=0.6600
epoch 11500, val, loss=1.0066 acc=0.6009
epoch 12000, train, loss=1.5211 acc=0.4800
epoch 12000, val, loss=0.9880 acc=0.6099
epoch 12500, train, loss=1.1494 acc=0.6200
epoch 12500, val, loss=0.9863 acc=0.6096
epoch 13000, train, loss=0.8015 acc=0.7267
epoch 13000, val, loss=0.9829 acc=0.6120
epoch 13500, train, loss=1.2608 acc=0.5333
epoch 13500, val, loss=0.9837 acc=0.6104
epoch 14000, train, loss=0.9793 acc=0.6667
epoch 14000, val, loss=1.0036 acc=0.6055
epoch 14500, train, loss=0.9952 acc=0.7067
epoch 14500, val, loss=0.9779 acc=0.6131
epoch 15000, train, loss=1.3691 acc=0.5333
epoch 15000, val, loss=0.9801 acc=0.6141
epoch 15500, train, loss=1.2534 acc=0.5733
epoch 15500, val, loss=0.9678 acc=0.6202
epoch 16000, train, loss=0.9455 acc=0.6400
epoch 16000, val, loss=0.9722 acc=0.6180
epoch 16500, train, loss=1.7827 acc=0.4133
epoch 16500, val, loss=0.9763 acc=0.6154
epoch 17000, train, loss=1.4863 acc=0.4867
epoch 17000, val, loss=0.9667 acc=0.6190
epoch 17500, train, loss=1.0766 acc=0.6600
epoch 17500, val, loss=0.9621 acc=0.6213
epoch 18000, train, loss=1.4003 acc=0.5400
epoch 18000, val, loss=0.9609 acc=0.6211
epoch 18500, train, loss=1.1992 acc=0.5733
epoch 18500, val, loss=0.9679 acc=0.6193
epoch 19000, train, loss=1.3434 acc=0.5067
epoch 19000, val, loss=0.9588 acc=0.6226
epoch 19500, train, loss=1.2484 acc=0.5933
epoch 19500, val, loss=0.9516 acc=0.6266
epoch 20000, train, loss=0.9722 acc=0.6533
epoch 20000, val, loss=0.9585 acc=0.6235
epoch 20500, train, loss=1.2724 acc=0.5867
epoch 20500, val, loss=0.9588 acc=0.6224
epoch 21000, train, loss=1.2411 acc=0.6133
epoch 21000, val, loss=0.9505 acc=0.6255
epoch 21500, train, loss=1.2419 acc=0.5800
epoch 21500, val, loss=0.9537 acc=0.6239
epoch 22000, train, loss=1.2845 acc=0.5067
epoch 22000, val, loss=0.9499 acc=0.6273
epoch 22500, train, loss=1.1618 acc=0.6200
epoch 22500, val, loss=0.9540 acc=0.6257
epoch 23000, train, loss=0.9198 acc=0.6800
epoch 23000, val, loss=0.9534 acc=0.6252
epoch 23500, train, loss=1.3290 acc=0.5067
epoch 23500, val, loss=0.9508 acc=0.6259
epoch 24000, train, loss=0.9987 acc=0.6600
epoch 24000, val, loss=0.9559 acc=0.6222
epoch 24500, train, loss=0.9965 acc=0.6000
epoch 24500, val, loss=0.9535 acc=0.6249
epoch 25000, train, loss=1.0041 acc=0.6667
epoch 25000, val, loss=0.9457 acc=0.6281
epoch 25500, train, loss=0.9893 acc=0.6600
epoch 25500, val, loss=0.9430 acc=0.6307
epoch 26000, train, loss=1.2687 acc=0.5533
epoch 26000, val, loss=0.9427 acc=0.6292
epoch 26500, train, loss=0.9742 acc=0.6467
epoch 26500, val, loss=0.9404 acc=0.6305
epoch 27000, train, loss=1.1425 acc=0.6000
epoch 27000, val, loss=0.9518 acc=0.6254
epoch 27500, train, loss=1.1242 acc=0.6467
epoch 27500, val, loss=0.9503 acc=0.6258
epoch 28000, train, loss=1.2202 acc=0.5867
epoch 28000, val, loss=0.9454 acc=0.6303
epoch 28500, train, loss=1.2613 acc=0.5133
epoch 28500, val, loss=0.9435 acc=0.6283
epoch 29000, train, loss=1.4449 acc=0.4733
epoch 29000, val, loss=0.9517 acc=0.6256
epoch 29500, train, loss=0.9874 acc=0.6667
epoch 29500, val, loss=0.9506 acc=0.6264
epoch 30000, train, loss=1.2649 acc=0.5067
epoch 30000, val, loss=0.9506 acc=0.6270
epoch 30500, train, loss=1.0314 acc=0.6267
epoch 30500, val, loss=0.9427 acc=0.6293
epoch 31000, train, loss=0.9562 acc=0.6867
epoch 31000, val, loss=0.9457 acc=0.6291
epoch 31500, train, loss=0.8672 acc=0.6733
epoch 31500, val, loss=0.9399 acc=0.6315
epoch 32000, train, loss=0.8735 acc=0.6800
epoch 32000, val, loss=0.9424 acc=0.6294
epoch 32500, train, loss=1.0434 acc=0.6400
epoch 32500, val, loss=0.9379 acc=0.6317
epoch 33000, train, loss=1.0375 acc=0.6467
epoch 33000, val, loss=0.9389 acc=0.6312
epoch 33500, train, loss=1.2195 acc=0.5800
epoch 33500, val, loss=0.9436 acc=0.6298
epoch 34000, train, loss=1.4395 acc=0.4867
epoch 34000, val, loss=0.9372 acc=0.6330
epoch 34500, train, loss=0.8237 acc=0.6867
epoch 34500, val, loss=0.9453 acc=0.6293
epoch 35000, train, loss=1.0004 acc=0.6400
epoch 35000, val, loss=0.9449 acc=0.6295
epoch 35500, train, loss=1.0079 acc=0.6867
epoch 35500, val, loss=0.9394 acc=0.6327
epoch 36000, train, loss=0.8328 acc=0.7267
epoch 36000, val, loss=0.9429 acc=0.6301
epoch 36500, train, loss=1.1011 acc=0.6200
epoch 36500, val, loss=0.9408 acc=0.6307
epoch 37000, train, loss=1.1133 acc=0.6000
epoch 37000, val, loss=0.9369 acc=0.6337
epoch 37500, train, loss=1.1432 acc=0.6133
epoch 37500, val, loss=0.9404 acc=0.6297
epoch 38000, train, loss=1.1533 acc=0.5867
epoch 38000, val, loss=0.9453 acc=0.6298
epoch 38500, train, loss=0.6400 acc=0.7867
epoch 38500, val, loss=0.9393 acc=0.6304
epoch 39000, train, loss=0.9686 acc=0.6467
epoch 39000, val, loss=0.9361 acc=0.6319
epoch 39500, train, loss=0.7918 acc=0.7667
epoch 39500, val, loss=0.9444 acc=0.6298
epoch 40000, train, loss=1.2005 acc=0.5733
epoch 40000, val, loss=0.9343 acc=0.6331
epoch 40500, train, loss=1.2833 acc=0.5533
epoch 40500, val, loss=0.9363 acc=0.6331
epoch 41000, train, loss=0.8562 acc=0.6867
epoch 41000, val, loss=0.9407 acc=0.6306
epoch 41500, train, loss=1.0769 acc=0.5933
epoch 41500, val, loss=0.9362 acc=0.6321
epoch 42000, train, loss=1.2210 acc=0.5467
epoch 42000, val, loss=0.9360 acc=0.6336
epoch 42500, train, loss=1.2000 acc=0.5933
epoch 42500, val, loss=0.9345 acc=0.6343
epoch 43000, train, loss=1.3872 acc=0.4867
epoch 43000, val, loss=0.9367 acc=0.6323
epoch 43500, train, loss=0.9237 acc=0.7000
epoch 43500, val, loss=0.9389 acc=0.6315
epoch 44000, train, loss=0.8225 acc=0.7400
epoch 44000, val, loss=0.9353 acc=0.6335
epoch 44500, train, loss=0.9510 acc=0.6667
epoch 44500, val, loss=0.9363 acc=0.6315
epoch 45000, train, loss=0.9796 acc=0.6667
epoch 45000, val, loss=0.9371 acc=0.6333
epoch 45500, train, loss=1.0150 acc=0.6333
epoch 45500, val, loss=0.9400 acc=0.6313
epoch 46000, train, loss=1.0530 acc=0.6467
epoch 46000, val, loss=0.9368 acc=0.6329
epoch 46500, train, loss=1.1340 acc=0.5733
epoch 46500, val, loss=0.9346 acc=0.6326
epoch 47000, train, loss=1.0408 acc=0.6400
epoch 47000, val, loss=0.9351 acc=0.6323
epoch 47500, train, loss=1.1976 acc=0.5667
epoch 47500, val, loss=0.9415 acc=0.6320
epoch 48000, train, loss=1.2479 acc=0.5600
epoch 48000, val, loss=0.9385 acc=0.6307
epoch 48500, train, loss=0.9393 acc=0.6933
epoch 48500, val, loss=0.9357 acc=0.6331
epoch 49000, train, loss=1.1280 acc=0.6000
epoch 49000, val, loss=0.9355 acc=0.6328
epoch 49500, train, loss=1.0625 acc=0.6133
epoch 49500, val, loss=0.9362 acc=0.6329
epoch 50000, train, loss=0.6695 acc=0.7600
epoch 50000, val, loss=0.9399 acc=0.6311
epoch 50500, train, loss=1.0219 acc=0.6133
epoch 50500, val, loss=0.9417 acc=0.6305
epoch 51000, train, loss=1.2445 acc=0.5667
epoch 51000, val, loss=0.9397 acc=0.6312
epoch 51500, train, loss=1.1662 acc=0.5733
epoch 51500, val, loss=0.9393 acc=0.6320
epoch 52000, train, loss=1.3237 acc=0.5200
epoch 52000, val, loss=0.9411 acc=0.6316
epoch 52500, train, loss=1.0803 acc=0.5733
epoch 52500, val, loss=0.9351 acc=0.6333
epoch 53000, train, loss=1.1395 acc=0.6000
epoch 53000, val, loss=0.9364 acc=0.6329
epoch 53500, train, loss=1.0228 acc=0.6533
epoch 53500, val, loss=0.9368 acc=0.6316
epoch 54000, train, loss=1.0240 acc=0.6600
epoch 54000, val, loss=0.9391 acc=0.6312
epoch 54500, train, loss=1.2318 acc=0.5933
epoch 54500, val, loss=0.9351 acc=0.6330
epoch 55000, train, loss=1.0935 acc=0.5733
epoch 55000, val, loss=0.9366 acc=0.6316
epoch 55500, train, loss=0.8636 acc=0.7000
epoch 55500, val, loss=0.9364 acc=0.6322
epoch 56000, train, loss=1.4216 acc=0.5267
epoch 56000, val, loss=0.9364 acc=0.6333
epoch 56500, train, loss=0.9537 acc=0.7067
epoch 56500, val, loss=0.9335 acc=0.6332
epoch 57000, train, loss=1.2930 acc=0.5667
epoch 57000, val, loss=0.9352 acc=0.6334
epoch 57500, train, loss=0.8951 acc=0.7067
epoch 57500, val, loss=0.9350 acc=0.6335
epoch 58000, train, loss=1.0205 acc=0.6000
epoch 58000, val, loss=0.9341 acc=0.6340
epoch 58500, train, loss=1.0484 acc=0.6333
epoch 58500, val, loss=0.9360 acc=0.6320
epoch 59000, train, loss=0.7554 acc=0.7200
epoch 59000, val, loss=0.9337 acc=0.6331
epoch 59500, train, loss=1.0722 acc=0.5933
epoch 59500, val, loss=0.9338 acc=0.6334
Meta Test Result
epoch 59999, test, loss=0.9081 acc=0.6407
epoch 59999, test, loss=0.9081 acc=0.6407
Shutting down background jobs, please wait a moment...
Done!
All 11 operations synced, thanks for waiting!
