https://app.neptune.ai/lmhoon012/meta-learning/e/MET-46
cuda:0
epoch 0, train, loss=202.7334 acc=0.2533
epoch 0, val, loss=4.1571 acc=0.3282
epoch 500, train, loss=14.6847 acc=0.2933
epoch 500, val, loss=4.3169 acc=0.4070
epoch 1000, train, loss=3.7937 acc=0.4133
epoch 1000, val, loss=1.8283 acc=0.4073
epoch 1500, train, loss=3.0361 acc=0.2000
epoch 1500, val, loss=1.4853 acc=0.3946
epoch 2000, train, loss=2.2782 acc=0.3333
epoch 2000, val, loss=1.4241 acc=0.3976
epoch 2500, train, loss=1.6052 acc=0.3733
epoch 2500, val, loss=1.4220 acc=0.4055
epoch 3000, train, loss=1.5081 acc=0.2800
epoch 3000, val, loss=1.4158 acc=0.4176
epoch 3500, train, loss=1.6151 acc=0.2933
epoch 3500, val, loss=1.4141 acc=0.4265
epoch 4000, train, loss=1.5985 acc=0.2400
epoch 4000, val, loss=1.4056 acc=0.4416
epoch 4500, train, loss=1.8316 acc=0.2000
epoch 4500, val, loss=1.3948 acc=0.4522
epoch 5000, train, loss=1.3419 acc=0.4533
epoch 5000, val, loss=1.3958 acc=0.4565
epoch 5500, train, loss=1.5284 acc=0.3333
epoch 5500, val, loss=1.3951 acc=0.4643
epoch 6000, train, loss=1.5205 acc=0.4000
epoch 6000, val, loss=1.3943 acc=0.4695
epoch 6500, train, loss=1.7381 acc=0.1867
epoch 6500, val, loss=1.3892 acc=0.4793
epoch 7000, train, loss=1.5930 acc=0.2400
epoch 7000, val, loss=1.3635 acc=0.4821
epoch 7500, train, loss=1.1531 acc=0.6267
epoch 7500, val, loss=1.3699 acc=0.4867
epoch 8000, train, loss=1.3462 acc=0.5067
epoch 8000, val, loss=1.3505 acc=0.5042
epoch 8500, train, loss=1.2034 acc=0.5467
epoch 8500, val, loss=1.3211 acc=0.5080
epoch 9000, train, loss=1.3128 acc=0.4667
epoch 9000, val, loss=1.3491 acc=0.5115
epoch 9500, train, loss=1.3489 acc=0.4400
epoch 9500, val, loss=1.3320 acc=0.5118
epoch 10000, train, loss=1.3412 acc=0.3867
epoch 10000, val, loss=1.3161 acc=0.5231
epoch 10500, train, loss=1.0776 acc=0.6267
epoch 10500, val, loss=1.3128 acc=0.5266
epoch 11000, train, loss=1.2793 acc=0.4667
epoch 11000, val, loss=1.2911 acc=0.5329
epoch 11500, train, loss=1.5037 acc=0.3467
epoch 11500, val, loss=1.2964 acc=0.5321
epoch 12000, train, loss=1.1828 acc=0.4400
epoch 12000, val, loss=1.2879 acc=0.5303
epoch 12500, train, loss=1.2671 acc=0.4667
epoch 12500, val, loss=1.2615 acc=0.5394
epoch 13000, train, loss=1.2962 acc=0.5067
epoch 13000, val, loss=1.2852 acc=0.5403
epoch 13500, train, loss=1.3591 acc=0.3733
epoch 13500, val, loss=1.2780 acc=0.5433
epoch 14000, train, loss=1.1889 acc=0.5200
epoch 14000, val, loss=1.2740 acc=0.5445
epoch 14500, train, loss=1.3436 acc=0.4267
epoch 14500, val, loss=1.2630 acc=0.5533
epoch 15000, train, loss=1.1113 acc=0.5733
epoch 15000, val, loss=1.2780 acc=0.5459
epoch 15500, train, loss=1.5978 acc=0.3467
epoch 15500, val, loss=1.2393 acc=0.5531
epoch 16000, train, loss=1.0356 acc=0.5867
epoch 16000, val, loss=1.2527 acc=0.5511
epoch 16500, train, loss=1.4356 acc=0.4000
epoch 16500, val, loss=1.2512 acc=0.5510
epoch 17000, train, loss=1.0198 acc=0.6000
epoch 17000, val, loss=1.2424 acc=0.5562
epoch 17500, train, loss=1.1826 acc=0.5467
epoch 17500, val, loss=1.2431 acc=0.5515
epoch 18000, train, loss=1.2469 acc=0.3867
epoch 18000, val, loss=1.2444 acc=0.5527
epoch 18500, train, loss=1.3070 acc=0.5067
epoch 18500, val, loss=1.2495 acc=0.5570
epoch 19000, train, loss=1.5764 acc=0.3733
epoch 19000, val, loss=1.2385 acc=0.5624
epoch 19500, train, loss=1.3008 acc=0.4533
epoch 19500, val, loss=1.2417 acc=0.5606
epoch 20000, train, loss=1.4459 acc=0.4000
epoch 20000, val, loss=1.2202 acc=0.5687
epoch 20500, train, loss=1.5433 acc=0.3067
epoch 20500, val, loss=1.2204 acc=0.5681
epoch 21000, train, loss=0.9456 acc=0.6667
epoch 21000, val, loss=1.2094 acc=0.5676
epoch 21500, train, loss=0.8925 acc=0.6800
epoch 21500, val, loss=1.2116 acc=0.5716
epoch 22000, train, loss=1.3967 acc=0.4267
epoch 22000, val, loss=1.2143 acc=0.5722
epoch 22500, train, loss=1.2956 acc=0.4267
epoch 22500, val, loss=1.2117 acc=0.5699
epoch 23000, train, loss=0.9499 acc=0.6933
epoch 23000, val, loss=1.2041 acc=0.5748
epoch 23500, train, loss=1.2120 acc=0.4533
epoch 23500, val, loss=1.2036 acc=0.5703
epoch 24000, train, loss=1.3863 acc=0.3200
epoch 24000, val, loss=1.2104 acc=0.5736
epoch 24500, train, loss=1.0410 acc=0.6267
epoch 24500, val, loss=1.2104 acc=0.5720
epoch 25000, train, loss=0.9388 acc=0.7067
epoch 25000, val, loss=1.2031 acc=0.5754
epoch 25500, train, loss=1.2248 acc=0.4667
epoch 25500, val, loss=1.2080 acc=0.5763
epoch 26000, train, loss=0.7913 acc=0.7200
epoch 26000, val, loss=1.2000 acc=0.5737
epoch 26500, train, loss=1.0954 acc=0.5467
epoch 26500, val, loss=1.2128 acc=0.5721
epoch 27000, train, loss=1.1983 acc=0.5200
epoch 27000, val, loss=1.2052 acc=0.5743
epoch 27500, train, loss=1.1320 acc=0.5600
epoch 27500, val, loss=1.2004 acc=0.5772
epoch 28000, train, loss=0.9155 acc=0.6267
epoch 28000, val, loss=1.1987 acc=0.5779
epoch 28500, train, loss=1.3947 acc=0.3200
epoch 28500, val, loss=1.2044 acc=0.5734
epoch 29000, train, loss=1.7591 acc=0.2133
epoch 29000, val, loss=1.2050 acc=0.5776
epoch 29500, train, loss=1.0967 acc=0.6267
epoch 29500, val, loss=1.1936 acc=0.5783
epoch 30000, train, loss=0.9960 acc=0.6267
epoch 30000, val, loss=1.1878 acc=0.5803
epoch 30500, train, loss=1.4797 acc=0.3733
epoch 30500, val, loss=1.1844 acc=0.5803
epoch 31000, train, loss=1.4781 acc=0.3867
epoch 31000, val, loss=1.1841 acc=0.5803
epoch 31500, train, loss=1.3982 acc=0.4267
epoch 31500, val, loss=1.1840 acc=0.5798
epoch 32000, train, loss=1.3815 acc=0.4133
epoch 32000, val, loss=1.1942 acc=0.5787
epoch 32500, train, loss=1.1779 acc=0.5200
epoch 32500, val, loss=1.1863 acc=0.5813
epoch 33000, train, loss=1.0602 acc=0.5467
epoch 33000, val, loss=1.1906 acc=0.5807
epoch 33500, train, loss=1.3114 acc=0.4400
epoch 33500, val, loss=1.1978 acc=0.5800
epoch 34000, train, loss=1.1680 acc=0.5200
epoch 34000, val, loss=1.1823 acc=0.5838
epoch 34500, train, loss=0.8576 acc=0.6933
epoch 34500, val, loss=1.1805 acc=0.5802
epoch 35000, train, loss=0.9847 acc=0.5733
epoch 35000, val, loss=1.1798 acc=0.5819
epoch 35500, train, loss=1.3881 acc=0.3867
epoch 35500, val, loss=1.1798 acc=0.5829
epoch 36000, train, loss=1.0662 acc=0.5200
epoch 36000, val, loss=1.1814 acc=0.5846
epoch 36500, train, loss=1.1714 acc=0.5333
epoch 36500, val, loss=1.1738 acc=0.5835
epoch 37000, train, loss=1.5551 acc=0.3333
epoch 37000, val, loss=1.1815 acc=0.5819
epoch 37500, train, loss=0.9436 acc=0.5867
epoch 37500, val, loss=1.1669 acc=0.5839
epoch 38000, train, loss=1.3622 acc=0.4400
epoch 38000, val, loss=1.1822 acc=0.5817
epoch 38500, train, loss=1.4565 acc=0.3333
epoch 38500, val, loss=1.1659 acc=0.5842
epoch 39000, train, loss=1.1893 acc=0.6133
epoch 39000, val, loss=1.1665 acc=0.5862
epoch 39500, train, loss=1.7844 acc=0.1600
epoch 39500, val, loss=1.1735 acc=0.5835
epoch 40000, train, loss=1.6188 acc=0.2800
epoch 40000, val, loss=1.1858 acc=0.5853
epoch 40500, train, loss=1.4946 acc=0.3067
epoch 40500, val, loss=1.1790 acc=0.5844
epoch 41000, train, loss=1.4864 acc=0.4133
epoch 41000, val, loss=1.1744 acc=0.5859
epoch 41500, train, loss=1.5631 acc=0.3600
epoch 41500, val, loss=1.1837 acc=0.5856
epoch 42000, train, loss=1.1481 acc=0.5333
epoch 42000, val, loss=1.1701 acc=0.5855
epoch 42500, train, loss=1.3191 acc=0.4933
epoch 42500, val, loss=1.1729 acc=0.5850
epoch 43000, train, loss=0.9447 acc=0.6133
epoch 43000, val, loss=1.1645 acc=0.5862
epoch 43500, train, loss=1.5275 acc=0.3467
epoch 43500, val, loss=1.1717 acc=0.5864
epoch 44000, train, loss=1.4890 acc=0.3867
epoch 44000, val, loss=1.1756 acc=0.5851
epoch 44500, train, loss=1.5563 acc=0.2933
epoch 44500, val, loss=1.1725 acc=0.5885
epoch 45000, train, loss=1.1392 acc=0.5067
epoch 45000, val, loss=1.1637 acc=0.5868
epoch 45500, train, loss=1.0542 acc=0.6000
epoch 45500, val, loss=1.1656 acc=0.5877
epoch 46000, train, loss=0.9522 acc=0.6667
epoch 46000, val, loss=1.1715 acc=0.5871
epoch 46500, train, loss=1.1317 acc=0.6133
epoch 46500, val, loss=1.1756 acc=0.5855
epoch 47000, train, loss=1.0644 acc=0.6000
epoch 47000, val, loss=1.1671 acc=0.5855
epoch 47500, train, loss=1.2257 acc=0.5200
epoch 47500, val, loss=1.1664 acc=0.5873
epoch 48000, train, loss=1.0415 acc=0.6267
epoch 48000, val, loss=1.1655 acc=0.5881
epoch 48500, train, loss=0.9418 acc=0.6533
epoch 48500, val, loss=1.1663 acc=0.5867
epoch 49000, train, loss=1.1810 acc=0.4667
epoch 49000, val, loss=1.1607 acc=0.5874
epoch 49500, train, loss=0.9375 acc=0.7467
epoch 49500, val, loss=1.1662 acc=0.5882
epoch 50000, train, loss=0.9093 acc=0.6400
epoch 50000, val, loss=1.1694 acc=0.5884
epoch 50500, train, loss=1.4202 acc=0.4533
epoch 50500, val, loss=1.1731 acc=0.5854
epoch 51000, train, loss=1.4630 acc=0.3733
epoch 51000, val, loss=1.1711 acc=0.5880
epoch 51500, train, loss=1.4084 acc=0.4267
epoch 51500, val, loss=1.1670 acc=0.5889
epoch 52000, train, loss=1.5419 acc=0.5333
epoch 52000, val, loss=1.1708 acc=0.5891
epoch 52500, train, loss=1.1533 acc=0.5867
epoch 52500, val, loss=1.1693 acc=0.5874
epoch 53000, train, loss=1.1989 acc=0.4800
epoch 53000, val, loss=1.1673 acc=0.5879
epoch 53500, train, loss=1.1718 acc=0.5733
epoch 53500, val, loss=1.1674 acc=0.5889
epoch 54000, train, loss=1.1751 acc=0.5333
epoch 54000, val, loss=1.1683 acc=0.5886
epoch 54500, train, loss=0.9824 acc=0.6000
epoch 54500, val, loss=1.1664 acc=0.5886
epoch 55000, train, loss=1.0248 acc=0.6133
epoch 55000, val, loss=1.1683 acc=0.5894
epoch 55500, train, loss=0.8272 acc=0.7333
epoch 55500, val, loss=1.1684 acc=0.5883
epoch 56000, train, loss=0.9605 acc=0.6667
epoch 56000, val, loss=1.1602 acc=0.5913
epoch 56500, train, loss=1.1695 acc=0.4667
epoch 56500, val, loss=1.1666 acc=0.5891
epoch 57000, train, loss=1.0663 acc=0.5867
epoch 57000, val, loss=1.1660 acc=0.5881
epoch 57500, train, loss=1.2481 acc=0.5333
epoch 57500, val, loss=1.1643 acc=0.5886
epoch 58000, train, loss=1.0461 acc=0.6000
epoch 58000, val, loss=1.1664 acc=0.5881
epoch 58500, train, loss=1.4075 acc=0.4533
epoch 58500, val, loss=1.1591 acc=0.5893
epoch 59000, train, loss=1.2092 acc=0.5067
epoch 59000, val, loss=1.1616 acc=0.5895
epoch 59500, train, loss=1.2466 acc=0.4933
epoch 59500, val, loss=1.1611 acc=0.5884
Meta Test Result
epoch 59999, test, loss=1.1313 acc=0.6002
epoch 59999, test, loss=1.1313 acc=0.6002
Shutting down background jobs, please wait a moment...
Done!
All 11 operations synced, thanks for waiting!
