https://app.neptune.ai/lmhoon012/meta-learning/e/MET-45
cuda:1
epoch 0, train, loss=52.8793 acc=0.3333
epoch 0, val, loss=4.1748 acc=0.3283
epoch 500, train, loss=2.7332 acc=0.4933
epoch 500, val, loss=3.9429 acc=0.4165
epoch 1000, train, loss=1.4398 acc=0.5333
epoch 1000, val, loss=2.0257 acc=0.4181
epoch 1500, train, loss=1.4414 acc=0.4000
epoch 1500, val, loss=1.5316 acc=0.4311
epoch 2000, train, loss=1.2905 acc=0.5200
epoch 2000, val, loss=1.3834 acc=0.4520
epoch 2500, train, loss=1.0344 acc=0.5867
epoch 2500, val, loss=1.3168 acc=0.4701
epoch 3000, train, loss=0.8339 acc=0.7200
epoch 3000, val, loss=1.2656 acc=0.4874
epoch 3500, train, loss=1.1598 acc=0.6000
epoch 3500, val, loss=1.2433 acc=0.4965
epoch 4000, train, loss=1.2795 acc=0.4933
epoch 4000, val, loss=1.2286 acc=0.5072
epoch 4500, train, loss=1.1592 acc=0.5333
epoch 4500, val, loss=1.1989 acc=0.5163
epoch 5000, train, loss=1.2030 acc=0.5067
epoch 5000, val, loss=1.1881 acc=0.5215
epoch 5500, train, loss=1.0984 acc=0.5733
epoch 5500, val, loss=1.1546 acc=0.5365
epoch 6000, train, loss=0.6340 acc=0.8000
epoch 6000, val, loss=1.1564 acc=0.5378
epoch 6500, train, loss=0.9658 acc=0.6267
epoch 6500, val, loss=1.1337 acc=0.5453
epoch 7000, train, loss=1.1227 acc=0.5467
epoch 7000, val, loss=1.1404 acc=0.5440
epoch 7500, train, loss=0.7328 acc=0.7200
epoch 7500, val, loss=1.1369 acc=0.5459
epoch 8000, train, loss=0.7677 acc=0.6533
epoch 8000, val, loss=1.1010 acc=0.5610
epoch 8500, train, loss=0.8369 acc=0.7067
epoch 8500, val, loss=1.0984 acc=0.5626
epoch 9000, train, loss=1.0066 acc=0.5867
epoch 9000, val, loss=1.0839 acc=0.5676
epoch 9500, train, loss=0.6101 acc=0.7467
epoch 9500, val, loss=1.1023 acc=0.5604
epoch 10000, train, loss=0.8623 acc=0.6667
epoch 10000, val, loss=1.0623 acc=0.5785
epoch 10500, train, loss=0.7938 acc=0.7067
epoch 10500, val, loss=1.0595 acc=0.5796
epoch 11000, train, loss=0.6868 acc=0.7467
epoch 11000, val, loss=1.0716 acc=0.5766
epoch 11500, train, loss=0.6065 acc=0.7867
epoch 11500, val, loss=1.0637 acc=0.5789
epoch 12000, train, loss=0.5740 acc=0.8000
epoch 12000, val, loss=1.0493 acc=0.5829
epoch 12500, train, loss=0.6532 acc=0.7733
epoch 12500, val, loss=1.0474 acc=0.5841
epoch 13000, train, loss=0.6424 acc=0.7600
epoch 13000, val, loss=1.0358 acc=0.5884
epoch 13500, train, loss=0.8861 acc=0.7333
epoch 13500, val, loss=1.0376 acc=0.5876
epoch 14000, train, loss=0.9840 acc=0.5600
epoch 14000, val, loss=1.0344 acc=0.5911
epoch 14500, train, loss=0.9541 acc=0.6533
epoch 14500, val, loss=1.0306 acc=0.5924
epoch 15000, train, loss=0.7235 acc=0.6933
epoch 15000, val, loss=1.0414 acc=0.5866
epoch 15500, train, loss=0.7428 acc=0.7200
epoch 15500, val, loss=1.0307 acc=0.5914
epoch 16000, train, loss=0.7715 acc=0.6667
epoch 16000, val, loss=1.0289 acc=0.5933
epoch 16500, train, loss=0.9405 acc=0.6533
epoch 16500, val, loss=1.0254 acc=0.5968
epoch 17000, train, loss=0.7340 acc=0.7333
epoch 17000, val, loss=1.0272 acc=0.5924
epoch 17500, train, loss=0.8473 acc=0.6933
epoch 17500, val, loss=1.0160 acc=0.5983
epoch 18000, train, loss=0.7755 acc=0.7067
epoch 18000, val, loss=1.0201 acc=0.5956
epoch 18500, train, loss=0.6635 acc=0.7467
epoch 18500, val, loss=1.0428 acc=0.5879
epoch 19000, train, loss=1.1514 acc=0.6133
epoch 19000, val, loss=1.0104 acc=0.6017
epoch 19500, train, loss=0.7819 acc=0.6533
epoch 19500, val, loss=1.0315 acc=0.5944
epoch 20000, train, loss=0.6291 acc=0.8133
epoch 20000, val, loss=1.0079 acc=0.6032
epoch 20500, train, loss=1.2917 acc=0.5067
epoch 20500, val, loss=0.9980 acc=0.6079
epoch 21000, train, loss=0.4119 acc=0.8667
epoch 21000, val, loss=1.0054 acc=0.6036
epoch 21500, train, loss=0.6065 acc=0.7467
epoch 21500, val, loss=0.9945 acc=0.6078
epoch 22000, train, loss=0.7133 acc=0.7467
epoch 22000, val, loss=0.9892 acc=0.6094
epoch 22500, train, loss=0.8602 acc=0.5733
epoch 22500, val, loss=0.9977 acc=0.6078
epoch 23000, train, loss=0.5774 acc=0.8000
epoch 23000, val, loss=0.9842 acc=0.6129
epoch 23500, train, loss=0.7498 acc=0.6800
epoch 23500, val, loss=0.9869 acc=0.6118
epoch 24000, train, loss=0.9762 acc=0.6133
epoch 24000, val, loss=0.9873 acc=0.6120
epoch 24500, train, loss=0.8422 acc=0.6533
epoch 24500, val, loss=1.0010 acc=0.6055
epoch 25000, train, loss=0.3908 acc=0.9200
epoch 25000, val, loss=0.9878 acc=0.6123
epoch 25500, train, loss=0.6625 acc=0.7733
epoch 25500, val, loss=0.9831 acc=0.6124
epoch 26000, train, loss=0.4889 acc=0.7867
epoch 26000, val, loss=0.9851 acc=0.6127
epoch 26500, train, loss=0.4743 acc=0.8133
epoch 26500, val, loss=0.9943 acc=0.6069
epoch 27000, train, loss=0.7920 acc=0.6933
epoch 27000, val, loss=0.9824 acc=0.6131
epoch 27500, train, loss=0.5926 acc=0.8000
epoch 27500, val, loss=0.9876 acc=0.6105
epoch 28000, train, loss=0.5457 acc=0.7867
epoch 28000, val, loss=0.9855 acc=0.6122
epoch 28500, train, loss=1.0911 acc=0.5733
epoch 28500, val, loss=0.9813 acc=0.6143
epoch 29000, train, loss=1.0043 acc=0.5467
epoch 29000, val, loss=0.9833 acc=0.6138
epoch 29500, train, loss=0.6818 acc=0.7733
epoch 29500, val, loss=0.9755 acc=0.6148
epoch 30000, train, loss=0.6659 acc=0.7467
epoch 30000, val, loss=0.9738 acc=0.6167
epoch 30500, train, loss=0.7933 acc=0.7200
epoch 30500, val, loss=0.9827 acc=0.6128
epoch 31000, train, loss=0.7834 acc=0.7200
epoch 31000, val, loss=0.9787 acc=0.6151
epoch 31500, train, loss=0.5881 acc=0.7600
epoch 31500, val, loss=0.9743 acc=0.6169
epoch 32000, train, loss=0.9239 acc=0.6400
epoch 32000, val, loss=0.9733 acc=0.6155
epoch 32500, train, loss=1.0062 acc=0.5867
epoch 32500, val, loss=0.9797 acc=0.6141
epoch 33000, train, loss=0.6043 acc=0.7467
epoch 33000, val, loss=0.9768 acc=0.6156
epoch 33500, train, loss=0.8742 acc=0.5867
epoch 33500, val, loss=0.9794 acc=0.6136
epoch 34000, train, loss=0.5881 acc=0.7733
epoch 34000, val, loss=0.9812 acc=0.6139
epoch 34500, train, loss=0.4820 acc=0.8000
epoch 34500, val, loss=0.9775 acc=0.6146
epoch 35000, train, loss=0.6302 acc=0.7600
epoch 35000, val, loss=0.9703 acc=0.6187
epoch 35500, train, loss=0.8351 acc=0.6933
epoch 35500, val, loss=0.9713 acc=0.6170
epoch 36000, train, loss=0.5026 acc=0.8400
epoch 36000, val, loss=0.9715 acc=0.6179
epoch 36500, train, loss=0.6352 acc=0.7467
epoch 36500, val, loss=0.9751 acc=0.6157
epoch 37000, train, loss=1.1828 acc=0.6000
epoch 37000, val, loss=0.9762 acc=0.6143
epoch 37500, train, loss=0.6498 acc=0.7600
epoch 37500, val, loss=0.9746 acc=0.6166
epoch 38000, train, loss=0.8628 acc=0.6267
epoch 38000, val, loss=0.9734 acc=0.6164
epoch 38500, train, loss=0.7777 acc=0.7333
epoch 38500, val, loss=0.9724 acc=0.6176
epoch 39000, train, loss=0.6891 acc=0.7867
epoch 39000, val, loss=0.9749 acc=0.6156
epoch 39500, train, loss=1.1387 acc=0.6000
epoch 39500, val, loss=0.9681 acc=0.6181
epoch 40000, train, loss=1.0785 acc=0.5867
epoch 40000, val, loss=0.9671 acc=0.6184
epoch 40500, train, loss=0.7501 acc=0.7200
epoch 40500, val, loss=0.9689 acc=0.6178
epoch 41000, train, loss=1.1595 acc=0.5467
epoch 41000, val, loss=0.9687 acc=0.6181
epoch 41500, train, loss=0.9387 acc=0.5733
epoch 41500, val, loss=0.9616 acc=0.6211
epoch 42000, train, loss=0.6237 acc=0.7867
epoch 42000, val, loss=0.9695 acc=0.6186
epoch 42500, train, loss=0.8769 acc=0.6933
epoch 42500, val, loss=0.9712 acc=0.6175
epoch 43000, train, loss=0.3291 acc=0.8667
epoch 43000, val, loss=0.9679 acc=0.6184
epoch 43500, train, loss=0.9974 acc=0.6000
epoch 43500, val, loss=0.9678 acc=0.6184
epoch 44000, train, loss=1.0824 acc=0.5200
epoch 44000, val, loss=0.9687 acc=0.6184
epoch 44500, train, loss=1.1194 acc=0.5467
epoch 44500, val, loss=0.9630 acc=0.6211
epoch 45000, train, loss=0.7673 acc=0.7067
epoch 45000, val, loss=0.9651 acc=0.6205
epoch 45500, train, loss=0.8663 acc=0.7067
epoch 45500, val, loss=0.9616 acc=0.6213
epoch 46000, train, loss=0.3047 acc=0.9200
epoch 46000, val, loss=0.9606 acc=0.6223
epoch 46500, train, loss=0.7268 acc=0.7333
epoch 46500, val, loss=0.9676 acc=0.6197
epoch 47000, train, loss=0.6797 acc=0.7200
epoch 47000, val, loss=0.9697 acc=0.6188
epoch 47500, train, loss=0.6578 acc=0.7467
epoch 47500, val, loss=0.9639 acc=0.6205
epoch 48000, train, loss=0.6268 acc=0.8267
epoch 48000, val, loss=0.9663 acc=0.6200
epoch 48500, train, loss=0.6311 acc=0.7067
epoch 48500, val, loss=0.9674 acc=0.6193
epoch 49000, train, loss=0.8705 acc=0.6400
epoch 49000, val, loss=0.9682 acc=0.6193
epoch 49500, train, loss=0.3651 acc=0.9067
epoch 49500, val, loss=0.9664 acc=0.6199
epoch 50000, train, loss=0.6646 acc=0.7600
epoch 50000, val, loss=0.9629 acc=0.6214
epoch 50500, train, loss=0.7727 acc=0.6933
epoch 50500, val, loss=0.9690 acc=0.6200
epoch 51000, train, loss=1.1969 acc=0.5200
epoch 51000, val, loss=0.9617 acc=0.6228
epoch 51500, train, loss=0.5485 acc=0.7867
epoch 51500, val, loss=0.9647 acc=0.6203
epoch 52000, train, loss=0.7005 acc=0.7733
epoch 52000, val, loss=0.9617 acc=0.6217
epoch 52500, train, loss=0.5236 acc=0.8000
epoch 52500, val, loss=0.9658 acc=0.6206
epoch 53000, train, loss=0.7526 acc=0.7467
epoch 53000, val, loss=0.9632 acc=0.6216
epoch 53500, train, loss=0.8781 acc=0.6533
epoch 53500, val, loss=0.9621 acc=0.6210
epoch 54000, train, loss=0.5194 acc=0.8000
epoch 54000, val, loss=0.9679 acc=0.6192
epoch 54500, train, loss=0.6320 acc=0.7867
epoch 54500, val, loss=0.9633 acc=0.6210
epoch 55000, train, loss=0.6780 acc=0.7733
epoch 55000, val, loss=0.9647 acc=0.6203
epoch 55500, train, loss=0.4313 acc=0.8800
epoch 55500, val, loss=0.9636 acc=0.6212
epoch 56000, train, loss=0.5608 acc=0.8133
epoch 56000, val, loss=0.9618 acc=0.6222
epoch 56500, train, loss=0.7502 acc=0.7067
epoch 56500, val, loss=0.9653 acc=0.6208
epoch 57000, train, loss=0.4452 acc=0.8267
epoch 57000, val, loss=0.9607 acc=0.6220
epoch 57500, train, loss=0.8834 acc=0.6800
epoch 57500, val, loss=0.9650 acc=0.6206
epoch 58000, train, loss=0.4929 acc=0.8533
epoch 58000, val, loss=0.9626 acc=0.6212
epoch 58500, train, loss=0.8476 acc=0.6800
epoch 58500, val, loss=0.9630 acc=0.6211
epoch 59000, train, loss=0.6084 acc=0.7600
epoch 59000, val, loss=0.9635 acc=0.6205
epoch 59500, train, loss=0.9842 acc=0.5733
epoch 59500, val, loss=0.9645 acc=0.6204
Meta Test Result
epoch 59999, test, loss=0.9260 acc=0.6319
epoch 59999, test, loss=0.9260 acc=0.6319
Shutting down background jobs, please wait a moment...
Done!
All 11 operations synced, thanks for waiting!
