https://app.neptune.ai/lmhoon012/meta-learning/e/MET-50
cuda:0
epoch 0, train, loss=147.4275 acc=0.1167
epoch 0, val, loss=4.1875 acc=0.3240
epoch 500, train, loss=6.6753 acc=0.0900
epoch 500, val, loss=1.7381 acc=0.3811
epoch 1000, train, loss=3.3930 acc=0.1167
epoch 1000, val, loss=1.4473 acc=0.3838
epoch 1500, train, loss=3.1522 acc=0.1400
epoch 1500, val, loss=1.4321 acc=0.4050
epoch 2000, train, loss=2.8466 acc=0.1733
epoch 2000, val, loss=1.4259 acc=0.4230
epoch 2500, train, loss=3.0710 acc=0.1567
epoch 2500, val, loss=1.4225 acc=0.4354
epoch 3000, train, loss=2.8334 acc=0.1767
epoch 3000, val, loss=1.4039 acc=0.4528
epoch 3500, train, loss=2.6651 acc=0.1800
epoch 3500, val, loss=1.3888 acc=0.4679
epoch 4000, train, loss=2.8121 acc=0.1467
epoch 4000, val, loss=1.3696 acc=0.4772
epoch 4500, train, loss=2.4619 acc=0.2400
epoch 4500, val, loss=1.3563 acc=0.4910
epoch 5000, train, loss=2.8097 acc=0.1500
epoch 5000, val, loss=1.3409 acc=0.5004
epoch 5500, train, loss=2.6254 acc=0.1867
epoch 5500, val, loss=1.3094 acc=0.5108
epoch 6000, train, loss=2.5648 acc=0.2033
epoch 6000, val, loss=1.2945 acc=0.5245
epoch 6500, train, loss=2.6300 acc=0.2367
epoch 6500, val, loss=1.2965 acc=0.5239
epoch 7000, train, loss=2.6490 acc=0.1900
epoch 7000, val, loss=1.2661 acc=0.5312
epoch 7500, train, loss=2.5633 acc=0.1900
epoch 7500, val, loss=1.2598 acc=0.5395
epoch 8000, train, loss=2.5957 acc=0.2067
epoch 8000, val, loss=1.2578 acc=0.5345
epoch 8500, train, loss=2.5880 acc=0.2000
epoch 8500, val, loss=1.2314 acc=0.5432
epoch 9000, train, loss=2.4800 acc=0.2300
epoch 9000, val, loss=1.2243 acc=0.5570
epoch 9500, train, loss=2.5978 acc=0.1933
epoch 9500, val, loss=1.2340 acc=0.5516
epoch 10000, train, loss=2.3967 acc=0.2633
epoch 10000, val, loss=1.1965 acc=0.5714
epoch 10500, train, loss=2.4582 acc=0.2467
epoch 10500, val, loss=1.1963 acc=0.5730
epoch 11000, train, loss=2.8295 acc=0.1467
epoch 11000, val, loss=1.1966 acc=0.5694
epoch 11500, train, loss=2.4700 acc=0.2500
epoch 11500, val, loss=1.1730 acc=0.5804
epoch 12000, train, loss=2.4159 acc=0.2633
epoch 12000, val, loss=1.1900 acc=0.5773
epoch 12500, train, loss=2.5668 acc=0.2133
epoch 12500, val, loss=1.1683 acc=0.5805
epoch 13000, train, loss=2.4925 acc=0.2367
epoch 13000, val, loss=1.1692 acc=0.5777
epoch 13500, train, loss=2.3227 acc=0.2833
epoch 13500, val, loss=1.1797 acc=0.5847
epoch 14000, train, loss=2.5346 acc=0.2500
epoch 14000, val, loss=1.1590 acc=0.5831
epoch 14500, train, loss=2.5447 acc=0.2667
epoch 14500, val, loss=1.1655 acc=0.5862
epoch 15000, train, loss=2.6251 acc=0.2633
epoch 15000, val, loss=1.1573 acc=0.5827
epoch 15500, train, loss=2.4806 acc=0.2500
epoch 15500, val, loss=1.1737 acc=0.5824
epoch 16000, train, loss=2.4236 acc=0.2533
epoch 16000, val, loss=1.1607 acc=0.5841
epoch 16500, train, loss=2.4569 acc=0.2100
epoch 16500, val, loss=1.1317 acc=0.5894
epoch 17000, train, loss=2.6958 acc=0.2233
epoch 17000, val, loss=1.1221 acc=0.5972
epoch 17500, train, loss=2.0470 acc=0.3500
epoch 17500, val, loss=1.1392 acc=0.5886
epoch 18000, train, loss=2.4798 acc=0.2067
epoch 18000, val, loss=1.1389 acc=0.5913
epoch 18500, train, loss=2.3912 acc=0.2667
epoch 18500, val, loss=1.1262 acc=0.5983
epoch 19000, train, loss=2.4173 acc=0.2733
epoch 19000, val, loss=1.1162 acc=0.5952
epoch 19500, train, loss=2.7093 acc=0.2067
epoch 19500, val, loss=1.1155 acc=0.6018
epoch 20000, train, loss=2.6035 acc=0.1833
epoch 20000, val, loss=1.1195 acc=0.5981
epoch 20500, train, loss=2.4278 acc=0.2867
epoch 20500, val, loss=1.1174 acc=0.5992
epoch 21000, train, loss=2.2782 acc=0.2767
epoch 21000, val, loss=1.1079 acc=0.6065
epoch 21500, train, loss=1.9945 acc=0.4167
epoch 21500, val, loss=1.1169 acc=0.6051
epoch 22000, train, loss=2.5218 acc=0.2267
epoch 22000, val, loss=1.1117 acc=0.6007
epoch 22500, train, loss=2.3767 acc=0.2233
epoch 22500, val, loss=1.1070 acc=0.6047
epoch 23000, train, loss=1.9582 acc=0.3700
epoch 23000, val, loss=1.1100 acc=0.6078
epoch 23500, train, loss=2.4299 acc=0.2400
epoch 23500, val, loss=1.1008 acc=0.6073
epoch 24000, train, loss=2.4588 acc=0.2233
epoch 24000, val, loss=1.1028 acc=0.6085
epoch 24500, train, loss=2.4271 acc=0.2733
epoch 24500, val, loss=1.1049 acc=0.6057
epoch 25000, train, loss=2.1066 acc=0.3033
epoch 25000, val, loss=1.1057 acc=0.6064
epoch 25500, train, loss=2.7274 acc=0.1633
epoch 25500, val, loss=1.1061 acc=0.6057
epoch 26000, train, loss=2.5898 acc=0.2100
epoch 26000, val, loss=1.1011 acc=0.6050
epoch 26500, train, loss=2.4405 acc=0.2500
epoch 26500, val, loss=1.1028 acc=0.6092
epoch 27000, train, loss=2.3981 acc=0.2733
epoch 27000, val, loss=1.0837 acc=0.6088
epoch 27500, train, loss=2.3480 acc=0.3367
epoch 27500, val, loss=1.0976 acc=0.6088
epoch 28000, train, loss=2.2418 acc=0.2900
epoch 28000, val, loss=1.1049 acc=0.6072
epoch 28500, train, loss=2.4883 acc=0.2533
epoch 28500, val, loss=1.0869 acc=0.6052
epoch 29000, train, loss=2.6273 acc=0.2067
epoch 29000, val, loss=1.0988 acc=0.6062
epoch 29500, train, loss=2.2513 acc=0.3000
epoch 29500, val, loss=1.1007 acc=0.6075
epoch 30000, train, loss=2.5727 acc=0.2233
epoch 30000, val, loss=1.0829 acc=0.6093
epoch 30500, train, loss=2.4026 acc=0.2467
epoch 30500, val, loss=1.0885 acc=0.6106
epoch 31000, train, loss=2.4696 acc=0.2833
epoch 31000, val, loss=1.0920 acc=0.6110
epoch 31500, train, loss=2.3427 acc=0.2467
epoch 31500, val, loss=1.0905 acc=0.6088
epoch 32000, train, loss=2.5049 acc=0.2100
epoch 32000, val, loss=1.0809 acc=0.6093
epoch 32500, train, loss=2.4563 acc=0.2433
epoch 32500, val, loss=1.0838 acc=0.6101
epoch 33000, train, loss=2.2280 acc=0.3033
epoch 33000, val, loss=1.0931 acc=0.6110
epoch 33500, train, loss=2.3647 acc=0.2733
epoch 33500, val, loss=1.0924 acc=0.6105
epoch 34000, train, loss=2.2531 acc=0.2967
epoch 34000, val, loss=1.0889 acc=0.6118
epoch 34500, train, loss=2.3650 acc=0.2967
epoch 34500, val, loss=1.0879 acc=0.6099
epoch 35000, train, loss=2.3364 acc=0.2967
epoch 35000, val, loss=1.0827 acc=0.6121
epoch 35500, train, loss=2.5190 acc=0.2333
epoch 35500, val, loss=1.0785 acc=0.6133
epoch 36000, train, loss=2.3983 acc=0.2800
epoch 36000, val, loss=1.0842 acc=0.6119
epoch 36500, train, loss=2.2885 acc=0.3500
epoch 36500, val, loss=1.0867 acc=0.6133
epoch 37000, train, loss=2.5526 acc=0.2233
epoch 37000, val, loss=1.0687 acc=0.6148
epoch 37500, train, loss=2.2616 acc=0.2667
epoch 37500, val, loss=1.0822 acc=0.6115
epoch 38000, train, loss=1.9425 acc=0.4133
epoch 38000, val, loss=1.0849 acc=0.6124
epoch 38500, train, loss=2.4946 acc=0.1967
epoch 38500, val, loss=1.0880 acc=0.6136
epoch 39000, train, loss=2.2103 acc=0.2867
epoch 39000, val, loss=1.0795 acc=0.6138
epoch 39500, train, loss=2.2823 acc=0.3200
epoch 39500, val, loss=1.0771 acc=0.6156
epoch 40000, train, loss=2.5722 acc=0.2433
epoch 40000, val, loss=1.0756 acc=0.6139
epoch 40500, train, loss=2.4369 acc=0.2767
epoch 40500, val, loss=1.0724 acc=0.6155
epoch 41000, train, loss=2.4015 acc=0.2367
epoch 41000, val, loss=1.0744 acc=0.6147
epoch 41500, train, loss=2.4322 acc=0.2700
epoch 41500, val, loss=1.0834 acc=0.6117
epoch 42000, train, loss=2.2821 acc=0.2600
epoch 42000, val, loss=1.0729 acc=0.6141
epoch 42500, train, loss=2.2961 acc=0.2733
epoch 42500, val, loss=1.0762 acc=0.6149
epoch 43000, train, loss=2.5125 acc=0.2367
epoch 43000, val, loss=1.0805 acc=0.6139
epoch 43500, train, loss=2.3652 acc=0.2900
epoch 43500, val, loss=1.0779 acc=0.6140
epoch 44000, train, loss=2.0727 acc=0.3300
epoch 44000, val, loss=1.0774 acc=0.6138
epoch 44500, train, loss=2.1081 acc=0.3333
epoch 44500, val, loss=1.0828 acc=0.6145
epoch 45000, train, loss=2.4029 acc=0.3167
epoch 45000, val, loss=1.0745 acc=0.6143
epoch 45500, train, loss=2.0956 acc=0.3233
epoch 45500, val, loss=1.0762 acc=0.6146
epoch 46000, train, loss=2.5569 acc=0.2300
epoch 46000, val, loss=1.0728 acc=0.6154
epoch 46500, train, loss=2.2967 acc=0.3133
epoch 46500, val, loss=1.0785 acc=0.6155
epoch 47000, train, loss=2.1613 acc=0.3200
epoch 47000, val, loss=1.0760 acc=0.6150
epoch 47500, train, loss=2.0950 acc=0.3433
epoch 47500, val, loss=1.0759 acc=0.6146
epoch 48000, train, loss=2.3170 acc=0.2967
epoch 48000, val, loss=1.0746 acc=0.6166
epoch 48500, train, loss=2.4099 acc=0.2467
epoch 48500, val, loss=1.0710 acc=0.6143
epoch 49000, train, loss=2.1353 acc=0.3667
epoch 49000, val, loss=1.0762 acc=0.6125
epoch 49500, train, loss=2.2044 acc=0.3067
epoch 49500, val, loss=1.0753 acc=0.6149
epoch 50000, train, loss=2.4821 acc=0.2033
epoch 50000, val, loss=1.0752 acc=0.6144
epoch 50500, train, loss=2.3245 acc=0.2700
epoch 50500, val, loss=1.0762 acc=0.6157
epoch 51000, train, loss=2.4653 acc=0.2600
epoch 51000, val, loss=1.0701 acc=0.6157
epoch 51500, train, loss=2.5598 acc=0.2367
epoch 51500, val, loss=1.0734 acc=0.6144
epoch 52000, train, loss=2.3791 acc=0.2433
epoch 52000, val, loss=1.0722 acc=0.6154
epoch 52500, train, loss=2.6877 acc=0.2233
epoch 52500, val, loss=1.0733 acc=0.6153
epoch 53000, train, loss=2.1616 acc=0.2933
epoch 53000, val, loss=1.0728 acc=0.6162
epoch 53500, train, loss=2.4618 acc=0.2367
epoch 53500, val, loss=1.0718 acc=0.6155
epoch 54000, train, loss=2.2659 acc=0.3000
epoch 54000, val, loss=1.0756 acc=0.6161
epoch 54500, train, loss=2.1105 acc=0.3433
epoch 54500, val, loss=1.0723 acc=0.6162
epoch 55000, train, loss=2.1753 acc=0.3100
epoch 55000, val, loss=1.0699 acc=0.6156
epoch 55500, train, loss=2.1338 acc=0.3733
epoch 55500, val, loss=1.0746 acc=0.6158
epoch 56000, train, loss=2.1966 acc=0.3267
epoch 56000, val, loss=1.0741 acc=0.6149
epoch 56500, train, loss=2.3698 acc=0.2633
epoch 56500, val, loss=1.0717 acc=0.6147
epoch 57000, train, loss=2.1684 acc=0.3133
epoch 57000, val, loss=1.0775 acc=0.6140
epoch 57500, train, loss=2.2626 acc=0.2967
epoch 57500, val, loss=1.0733 acc=0.6167
epoch 58000, train, loss=2.2509 acc=0.2933
epoch 58000, val, loss=1.0711 acc=0.6172
epoch 58500, train, loss=2.2827 acc=0.2333
epoch 58500, val, loss=1.0748 acc=0.6157
epoch 59000, train, loss=2.1321 acc=0.3233
epoch 59000, val, loss=1.0702 acc=0.6169
epoch 59500, train, loss=2.3915 acc=0.2633
epoch 59500, val, loss=1.0691 acc=0.6168
Meta Test Result
epoch 59999, test, loss=1.0414 acc=0.6267
epoch 59999, test, loss=1.0414 acc=0.6267
Shutting down background jobs, please wait a moment...
Done!
All 11 operations synced, thanks for waiting!
