https://app.neptune.ai/lmhoon012/meta-learning/e/MET-48
cuda:0
epoch 0, train, loss=93.7175 acc=0.1533
epoch 0, val, loss=4.4148 acc=0.3299
epoch 500, train, loss=8.6040 acc=0.2200
epoch 500, val, loss=2.3858 acc=0.3994
epoch 1000, train, loss=3.1944 acc=0.1533
epoch 1000, val, loss=1.4615 acc=0.3900
epoch 1500, train, loss=2.6278 acc=0.1600
epoch 1500, val, loss=1.4278 acc=0.3982
epoch 2000, train, loss=2.4703 acc=0.1133
epoch 2000, val, loss=1.4298 acc=0.4088
epoch 2500, train, loss=2.2925 acc=0.2200
epoch 2500, val, loss=1.4260 acc=0.4258
epoch 3000, train, loss=2.3423 acc=0.1267
epoch 3000, val, loss=1.4178 acc=0.4372
epoch 3500, train, loss=2.2302 acc=0.1733
epoch 3500, val, loss=1.3980 acc=0.4560
epoch 4000, train, loss=2.1903 acc=0.1800
epoch 4000, val, loss=1.3949 acc=0.4669
epoch 4500, train, loss=2.1568 acc=0.2533
epoch 4500, val, loss=1.3773 acc=0.4728
epoch 5000, train, loss=2.1227 acc=0.2133
epoch 5000, val, loss=1.3725 acc=0.4846
epoch 5500, train, loss=2.2417 acc=0.1800
epoch 5500, val, loss=1.3580 acc=0.4914
epoch 6000, train, loss=2.1546 acc=0.1867
epoch 6000, val, loss=1.3399 acc=0.5088
epoch 6500, train, loss=2.1301 acc=0.2267
epoch 6500, val, loss=1.3146 acc=0.5130
epoch 7000, train, loss=1.9407 acc=0.3467
epoch 7000, val, loss=1.3224 acc=0.5202
epoch 7500, train, loss=2.1098 acc=0.2133
epoch 7500, val, loss=1.3099 acc=0.5226
epoch 8000, train, loss=2.1344 acc=0.1933
epoch 8000, val, loss=1.3023 acc=0.5248
epoch 8500, train, loss=2.0785 acc=0.2733
epoch 8500, val, loss=1.2870 acc=0.5407
epoch 9000, train, loss=1.8608 acc=0.3333
epoch 9000, val, loss=1.2604 acc=0.5400
epoch 9500, train, loss=1.8732 acc=0.3533
epoch 9500, val, loss=1.2553 acc=0.5422
epoch 10000, train, loss=1.5130 acc=0.4333
epoch 10000, val, loss=1.2470 acc=0.5454
epoch 10500, train, loss=2.0844 acc=0.2267
epoch 10500, val, loss=1.2405 acc=0.5520
epoch 11000, train, loss=1.8967 acc=0.3333
epoch 11000, val, loss=1.2280 acc=0.5573
epoch 11500, train, loss=1.8540 acc=0.3133
epoch 11500, val, loss=1.2198 acc=0.5598
epoch 12000, train, loss=2.0678 acc=0.2067
epoch 12000, val, loss=1.2191 acc=0.5633
epoch 12500, train, loss=1.6582 acc=0.4000
epoch 12500, val, loss=1.2151 acc=0.5636
epoch 13000, train, loss=1.7481 acc=0.4267
epoch 13000, val, loss=1.2162 acc=0.5637
epoch 13500, train, loss=1.9738 acc=0.3133
epoch 13500, val, loss=1.2077 acc=0.5717
epoch 14000, train, loss=1.8026 acc=0.3733
epoch 14000, val, loss=1.2036 acc=0.5694
epoch 14500, train, loss=1.8284 acc=0.3200
epoch 14500, val, loss=1.1844 acc=0.5684
epoch 15000, train, loss=2.0824 acc=0.2533
epoch 15000, val, loss=1.1843 acc=0.5758
epoch 15500, train, loss=1.9022 acc=0.3000
epoch 15500, val, loss=1.1900 acc=0.5751
epoch 16000, train, loss=1.5678 acc=0.4400
epoch 16000, val, loss=1.1826 acc=0.5749
epoch 16500, train, loss=2.3268 acc=0.1600
epoch 16500, val, loss=1.1958 acc=0.5676
epoch 17000, train, loss=2.2916 acc=0.2533
epoch 17000, val, loss=1.1822 acc=0.5771
epoch 17500, train, loss=2.0699 acc=0.3000
epoch 17500, val, loss=1.1688 acc=0.5801
epoch 18000, train, loss=2.0053 acc=0.2933
epoch 18000, val, loss=1.1890 acc=0.5776
epoch 18500, train, loss=1.7565 acc=0.4067
epoch 18500, val, loss=1.1669 acc=0.5843
epoch 19000, train, loss=2.0352 acc=0.3067
epoch 19000, val, loss=1.1679 acc=0.5866
epoch 19500, train, loss=1.9229 acc=0.3267
epoch 19500, val, loss=1.1872 acc=0.5835
epoch 20000, train, loss=1.6975 acc=0.3933
epoch 20000, val, loss=1.1559 acc=0.5861
epoch 20500, train, loss=1.9996 acc=0.2533
epoch 20500, val, loss=1.1609 acc=0.5867
epoch 21000, train, loss=1.6496 acc=0.4200
epoch 21000, val, loss=1.1472 acc=0.5888
epoch 21500, train, loss=1.8461 acc=0.3533
epoch 21500, val, loss=1.1538 acc=0.5860
epoch 22000, train, loss=2.1377 acc=0.1733
epoch 22000, val, loss=1.1592 acc=0.5889
epoch 22500, train, loss=1.7831 acc=0.3267
epoch 22500, val, loss=1.1471 acc=0.5880
epoch 23000, train, loss=1.6674 acc=0.3867
epoch 23000, val, loss=1.1576 acc=0.5874
epoch 23500, train, loss=2.0573 acc=0.2467
epoch 23500, val, loss=1.1438 acc=0.5890
epoch 24000, train, loss=1.7456 acc=0.3667
epoch 24000, val, loss=1.1362 acc=0.5929
epoch 24500, train, loss=1.7603 acc=0.3067
epoch 24500, val, loss=1.1453 acc=0.5903
epoch 25000, train, loss=1.7866 acc=0.3467
epoch 25000, val, loss=1.1355 acc=0.5934
epoch 25500, train, loss=1.6404 acc=0.3933
epoch 25500, val, loss=1.1465 acc=0.5902
epoch 26000, train, loss=1.8711 acc=0.2933
epoch 26000, val, loss=1.1384 acc=0.5947
epoch 26500, train, loss=1.5881 acc=0.4133
epoch 26500, val, loss=1.1411 acc=0.5928
epoch 27000, train, loss=1.9388 acc=0.3467
epoch 27000, val, loss=1.1486 acc=0.5907
epoch 27500, train, loss=1.7853 acc=0.3800
epoch 27500, val, loss=1.1456 acc=0.5944
epoch 28000, train, loss=1.7456 acc=0.4200
epoch 28000, val, loss=1.1343 acc=0.5952
epoch 28500, train, loss=2.0068 acc=0.3333
epoch 28500, val, loss=1.1361 acc=0.5941
epoch 29000, train, loss=1.8871 acc=0.3600
epoch 29000, val, loss=1.1403 acc=0.5940
epoch 29500, train, loss=1.7899 acc=0.3733
epoch 29500, val, loss=1.1385 acc=0.5980
epoch 30000, train, loss=2.0100 acc=0.2667
epoch 30000, val, loss=1.1328 acc=0.5986
epoch 30500, train, loss=1.9347 acc=0.2800
epoch 30500, val, loss=1.1277 acc=0.5971
epoch 31000, train, loss=1.6220 acc=0.4267
epoch 31000, val, loss=1.1187 acc=0.5990
epoch 31500, train, loss=1.4766 acc=0.4867
epoch 31500, val, loss=1.1287 acc=0.5951
epoch 32000, train, loss=1.4581 acc=0.5333
epoch 32000, val, loss=1.1319 acc=0.5965
epoch 32500, train, loss=1.6908 acc=0.4000
epoch 32500, val, loss=1.1295 acc=0.5979
epoch 33000, train, loss=1.5341 acc=0.4733
epoch 33000, val, loss=1.1297 acc=0.5980
epoch 33500, train, loss=2.1849 acc=0.2733
epoch 33500, val, loss=1.1247 acc=0.5998
epoch 34000, train, loss=1.8390 acc=0.3533
epoch 34000, val, loss=1.1254 acc=0.5983
epoch 34500, train, loss=1.5049 acc=0.4533
epoch 34500, val, loss=1.1262 acc=0.5985
epoch 35000, train, loss=1.7401 acc=0.3333
epoch 35000, val, loss=1.1310 acc=0.5984
epoch 35500, train, loss=1.9005 acc=0.3333
epoch 35500, val, loss=1.1306 acc=0.5999
epoch 36000, train, loss=1.4839 acc=0.4533
epoch 36000, val, loss=1.1247 acc=0.6010
epoch 36500, train, loss=2.1739 acc=0.2533
epoch 36500, val, loss=1.1226 acc=0.6002
epoch 37000, train, loss=2.1826 acc=0.2467
epoch 37000, val, loss=1.1206 acc=0.6004
epoch 37500, train, loss=1.6371 acc=0.4133
epoch 37500, val, loss=1.1227 acc=0.6012
epoch 38000, train, loss=1.8393 acc=0.3400
epoch 38000, val, loss=1.1146 acc=0.6016
epoch 38500, train, loss=1.3241 acc=0.6000
epoch 38500, val, loss=1.1187 acc=0.5985
epoch 39000, train, loss=1.5694 acc=0.4400
epoch 39000, val, loss=1.1248 acc=0.6003
epoch 39500, train, loss=1.6734 acc=0.3267
epoch 39500, val, loss=1.1245 acc=0.6003
epoch 40000, train, loss=2.2635 acc=0.2133
epoch 40000, val, loss=1.1184 acc=0.6025
epoch 40500, train, loss=1.4837 acc=0.4933
epoch 40500, val, loss=1.1156 acc=0.6029
epoch 41000, train, loss=1.5392 acc=0.4333
epoch 41000, val, loss=1.1156 acc=0.6034
epoch 41500, train, loss=1.8326 acc=0.3600
epoch 41500, val, loss=1.1194 acc=0.6026
epoch 42000, train, loss=1.8551 acc=0.3400
epoch 42000, val, loss=1.1155 acc=0.6016
epoch 42500, train, loss=2.1158 acc=0.3000
epoch 42500, val, loss=1.1130 acc=0.6025
epoch 43000, train, loss=2.0833 acc=0.3000
epoch 43000, val, loss=1.1151 acc=0.6031
epoch 43500, train, loss=1.9348 acc=0.3267
epoch 43500, val, loss=1.1140 acc=0.6023
epoch 44000, train, loss=1.4899 acc=0.5000
epoch 44000, val, loss=1.1138 acc=0.6047
epoch 44500, train, loss=1.7174 acc=0.4333
epoch 44500, val, loss=1.1104 acc=0.6043
epoch 45000, train, loss=1.5322 acc=0.4733
epoch 45000, val, loss=1.1151 acc=0.6036
epoch 45500, train, loss=1.8053 acc=0.3600
epoch 45500, val, loss=1.1159 acc=0.6018
epoch 46000, train, loss=1.8494 acc=0.3933
epoch 46000, val, loss=1.1138 acc=0.6036
epoch 46500, train, loss=1.9275 acc=0.3600
epoch 46500, val, loss=1.1199 acc=0.6015
epoch 47000, train, loss=2.1558 acc=0.2333
epoch 47000, val, loss=1.1136 acc=0.6038
epoch 47500, train, loss=1.9006 acc=0.3400
epoch 47500, val, loss=1.1116 acc=0.6043
epoch 48000, train, loss=2.0037 acc=0.3267
epoch 48000, val, loss=1.1125 acc=0.6030
epoch 48500, train, loss=1.7698 acc=0.3800
epoch 48500, val, loss=1.1111 acc=0.6053
epoch 49000, train, loss=1.6156 acc=0.4600
epoch 49000, val, loss=1.1127 acc=0.6049
epoch 49500, train, loss=1.8717 acc=0.4200
epoch 49500, val, loss=1.1100 acc=0.6035
epoch 50000, train, loss=1.3195 acc=0.5333
epoch 50000, val, loss=1.1120 acc=0.6040
epoch 50500, train, loss=1.6376 acc=0.4333
epoch 50500, val, loss=1.1141 acc=0.6041
epoch 51000, train, loss=2.1075 acc=0.2467
epoch 51000, val, loss=1.1085 acc=0.6046
epoch 51500, train, loss=1.7478 acc=0.3400
epoch 51500, val, loss=1.1100 acc=0.6037
epoch 52000, train, loss=1.9127 acc=0.3000
epoch 52000, val, loss=1.1162 acc=0.6057
epoch 52500, train, loss=1.6775 acc=0.3933
epoch 52500, val, loss=1.1084 acc=0.6058
epoch 53000, train, loss=1.9659 acc=0.3200
epoch 53000, val, loss=1.1120 acc=0.6040
epoch 53500, train, loss=1.7843 acc=0.4000
epoch 53500, val, loss=1.1094 acc=0.6041
epoch 54000, train, loss=1.6959 acc=0.4067
epoch 54000, val, loss=1.1123 acc=0.6039
epoch 54500, train, loss=1.6906 acc=0.3867
epoch 54500, val, loss=1.1097 acc=0.6034
epoch 55000, train, loss=1.7957 acc=0.3600
epoch 55000, val, loss=1.1112 acc=0.6054
epoch 55500, train, loss=1.6689 acc=0.3733
epoch 55500, val, loss=1.1092 acc=0.6058
epoch 56000, train, loss=1.8233 acc=0.3467
epoch 56000, val, loss=1.1075 acc=0.6053
epoch 56500, train, loss=1.8479 acc=0.3533
epoch 56500, val, loss=1.1140 acc=0.6056
epoch 57000, train, loss=1.8845 acc=0.3467
epoch 57000, val, loss=1.1107 acc=0.6043
epoch 57500, train, loss=1.6269 acc=0.4267
epoch 57500, val, loss=1.1075 acc=0.6065
epoch 58000, train, loss=1.6027 acc=0.4000
epoch 58000, val, loss=1.1109 acc=0.6042
epoch 58500, train, loss=1.5695 acc=0.4667
epoch 58500, val, loss=1.1093 acc=0.6061
epoch 59000, train, loss=1.7571 acc=0.4200
epoch 59000, val, loss=1.1088 acc=0.6053
epoch 59500, train, loss=1.7540 acc=0.4000
epoch 59500, val, loss=1.1082 acc=0.6056
Meta Test Result
epoch 59999, test, loss=1.0879 acc=0.6138
epoch 59999, test, loss=1.0879 acc=0.6138
Shutting down background jobs, please wait a moment...
Done!
All 11 operations synced, thanks for waiting!
